  HL2ResearchMode.cpp
D:\3_Mixed-Reality\2_UnityProjects\HL2_ResearchMode_UnityPlugIn\HL2ResearchMode_Unity_Plugin\HL2UnityPlugin\HL2ResearchMode.h(143,5): warning C4324: "winrt::HL2UnityPlugin::implementation::HL2ResearchMode": Die Struktur wurde aufgrund des Ausrichtungsspezifizierers aufgefüllt.
D:\3_Mixed-Reality\2_UnityProjects\HL2_ResearchMode_UnityPlugIn\HL2ResearchMode_Unity_Plugin\HL2UnityPlugin\HL2ResearchMode.h(135,29): warning C4305: "Initialisierung": Verkürzung von "double" in "float"
D:\3_Mixed-Reality\2_UnityProjects\HL2_ResearchMode_UnityPlugIn\HL2ResearchMode_Unity_Plugin\HL2UnityPlugin\HL2ResearchMode.h(137,29): warning C4305: "Initialisierung": Verkürzung von "double" in "float"
D:\3_Mixed-Reality\2_UnityProjects\HL2_ResearchMode_UnityPlugIn\HL2ResearchMode_Unity_Plugin\HL2UnityPlugin\HL2ResearchMode.h(138,29): warning C4305: "Initialisierung": Verkürzung von "double" in "float"
D:\3_Mixed-Reality\2_UnityProjects\HL2_ResearchMode_UnityPlugIn\HL2ResearchMode_Unity_Plugin\HL2UnityPlugin\HL2ResearchMode.cpp(27,17): warning C4189: "hr": Lokale Variable ist initialisiert aber nicht referenziert
D:\3_Mixed-Reality\2_UnityProjects\HL2_ResearchMode_UnityPlugIn\HL2ResearchMode_Unity_Plugin\HL2UnityPlugin\HL2ResearchMode.cpp(160,69): warning C4267: "Argument": Konvertierung von "size_t" nach "const _Ty", Datenverlust möglich
          with
          [
              _Ty=int
          ]
D:\3_Mixed-Reality\2_UnityProjects\HL2_ResearchMode_UnityPlugIn\HL2ResearchMode_Unity_Plugin\HL2UnityPlugin\HL2ResearchMode.cpp(218,45): warning C4838: Konvertierung von "UINT" zu "float" erfordert eine einschränkende Konvertierung
D:\3_Mixed-Reality\2_UnityProjects\HL2_ResearchMode_UnityPlugIn\HL2ResearchMode_Unity_Plugin\HL2UnityPlugin\HL2ResearchMode.cpp(218,45): warning C4244: "Initialisierung": Konvertierung von "UINT" in "float", möglicher Datenverlust
D:\3_Mixed-Reality\2_UnityProjects\HL2_ResearchMode_UnityPlugIn\HL2ResearchMode_Unity_Plugin\HL2UnityPlugin\HL2ResearchMode.cpp(218,48): warning C4838: Konvertierung von "UINT" zu "float" erfordert eine einschränkende Konvertierung
D:\3_Mixed-Reality\2_UnityProjects\HL2_ResearchMode_UnityPlugIn\HL2ResearchMode_Unity_Plugin\HL2UnityPlugin\HL2ResearchMode.cpp(218,48): warning C4244: "Initialisierung": Konvertierung von "UINT" in "float", möglicher Datenverlust
D:\3_Mixed-Reality\2_UnityProjects\HL2_ResearchMode_UnityPlugIn\HL2ResearchMode_Unity_Plugin\HL2UnityPlugin\HL2ResearchMode.cpp(295,77): warning C4267: "=": Konvertierung von "size_t" nach "int", Datenverlust möglich
D:\3_Mixed-Reality\2_UnityProjects\HL2_ResearchMode_UnityPlugIn\HL2ResearchMode_Unity_Plugin\HL2UnityPlugin\HL2ResearchMode.cpp(203,24): warning C4189: "maxAbValue": Lokale Variable ist initialisiert aber nicht referenziert
D:\3_Mixed-Reality\2_UnityProjects\HL2_ResearchMode_UnityPlugIn\HL2ResearchMode_Unity_Plugin\HL2UnityPlugin\HL2ResearchMode.cpp(397,73): warning C4267: "Argument": Konvertierung von "size_t" nach "const _Ty", Datenverlust möglich
          with
          [
              _Ty=int
          ]
D:\3_Mixed-Reality\2_UnityProjects\HL2_ResearchMode_UnityPlugIn\HL2ResearchMode_Unity_Plugin\HL2UnityPlugin\HL2ResearchMode.cpp(518,68): warning C4267: "Argument": Konvertierung von "size_t" nach "const _Ty", Datenverlust möglich
          with
          [
              _Ty=int
          ]
D:\3_Mixed-Reality\2_UnityProjects\HL2_ResearchMode_UnityPlugIn\HL2ResearchMode_Unity_Plugin\HL2UnityPlugin\HL2ResearchMode.cpp(522,56): warning C4267: "Argument": Konvertierung von "size_t" nach "const _Ty", Datenverlust möglich
          with
          [
              _Ty=int
          ]
     Bibliothek "D:\3_Mixed-Reality\2_UnityProjects\HL2_ResearchMode_UnityPlugIn\HL2ResearchMode_Unity_Plugin\ARM64\Release\HL2UnityPlugin\HL2UnityPlugin.lib" und Objekt "D:\3_Mixed-Reality\2_UnityProjects\HL2_ResearchMode_UnityPlugIn\HL2ResearchMode_Unity_Plugin\ARM64\Release\HL2UnityPlugin\HL2UnityPlugin.exp" werden erstellt.
  Code wird generiert.
  Codegenerierung ist abgeschlossen.
  HL2UnityPlugin.vcxproj -> D:\3_Mixed-Reality\2_UnityProjects\HL2_ResearchMode_UnityPlugIn\HL2ResearchMode_Unity_Plugin\ARM64\Release\HL2UnityPlugin\HL2UnityPlugin.dll
